<?xml version="1.0" encoding="UTF-8"?>
<testng-results ignored="0" total="15" passed="14" failed="1" skipped="0">
  <reporter-output>
  </reporter-output>
  <suite started-at="2019-10-22T15:00:03 BST" name="TestNG - Free CRM Application Test" finished-at="2019-10-22T15:04:09 BST" duration-ms="245696">
    <groups>
    </groups>
    <test started-at="2019-10-22T15:00:03 BST" name="Learning POM structure" finished-at="2019-10-22T15:04:09 BST" duration-ms="245696">
      <class name="com.crm.qa.testsuite.ContactsPageTest">
        <test-method is-config="true" signature="preConditions()[pri:0, instance:com.crm.qa.testsuite.ContactsPageTest@59d016c9]" started-at="2019-10-22T15:00:03 BST" name="preConditions" finished-at="2019-10-22T15:00:03 BST" duration-ms="17" status="PASS">
          <reporter-output>
          </reporter-output>
        </test-method> <!-- preConditions -->
        <test-method is-config="true" signature="setUp()[pri:0, instance:com.crm.qa.testsuite.ContactsPageTest@59d016c9]" started-at="2019-10-22T15:00:04 BST" name="setUp" finished-at="2019-10-22T15:00:14 BST" duration-ms="10262" status="PASS">
          <reporter-output>
          </reporter-output>
        </test-method> <!-- setUp -->
        <test-method signature="createNewContactTest(java.lang.String, java.lang.String, java.lang.String, java.lang.String)[pri:0, instance:com.crm.qa.testsuite.ContactsPageTest@59d016c9]" started-at="2019-10-22T15:00:14 BST" name="createNewContactTest" data-provider="getTestData" finished-at="2019-10-22T15:00:23 BST" duration-ms="8483" status="PASS">
          <params>
            <param index="0">
              <value>
                <![CDATA[Murali]]>
              </value>
            </param>
            <param index="1">
              <value>
                <![CDATA[dharan]]>
              </value>
            </param>
            <param index="2">
              <value>
                <![CDATA[Infosys]]>
              </value>
            </param>
            <param index="3">
              <value>
                <![CDATA[test1@testmail.com]]>
              </value>
            </param>
          </params>
          <reporter-output>
          </reporter-output>
        </test-method> <!-- createNewContactTest -->
        <test-method is-config="true" signature="tearDown()[pri:0, instance:com.crm.qa.testsuite.ContactsPageTest@59d016c9]" started-at="2019-10-22T15:00:23 BST" name="tearDown" finished-at="2019-10-22T15:00:23 BST" duration-ms="851" status="PASS">
          <reporter-output>
          </reporter-output>
        </test-method> <!-- tearDown -->
        <test-method is-config="true" signature="setUp()[pri:0, instance:com.crm.qa.testsuite.ContactsPageTest@59d016c9]" started-at="2019-10-22T15:00:23 BST" name="setUp" finished-at="2019-10-22T15:00:33 BST" duration-ms="9638" status="PASS">
          <reporter-output>
          </reporter-output>
        </test-method> <!-- setUp -->
        <test-method signature="createNewContactTest(java.lang.String, java.lang.String, java.lang.String, java.lang.String)[pri:0, instance:com.crm.qa.testsuite.ContactsPageTest@59d016c9]" started-at="2019-10-22T15:00:33 BST" name="createNewContactTest" data-provider="getTestData" finished-at="2019-10-22T15:00:42 BST" duration-ms="8465" status="PASS">
          <params>
            <param index="0">
              <value>
                <![CDATA[three]]>
              </value>
            </param>
            <param index="1">
              <value>
                <![CDATA[three]]>
              </value>
            </param>
            <param index="2">
              <value>
                <![CDATA[TCS]]>
              </value>
            </param>
            <param index="3">
              <value>
                <![CDATA[test2@testmail.com]]>
              </value>
            </param>
          </params>
          <reporter-output>
          </reporter-output>
        </test-method> <!-- createNewContactTest -->
        <test-method is-config="true" signature="tearDown()[pri:0, instance:com.crm.qa.testsuite.ContactsPageTest@59d016c9]" started-at="2019-10-22T15:00:42 BST" name="tearDown" finished-at="2019-10-22T15:00:42 BST" duration-ms="898" status="PASS">
          <reporter-output>
          </reporter-output>
        </test-method> <!-- tearDown -->
        <test-method is-config="true" signature="setUp()[pri:0, instance:com.crm.qa.testsuite.ContactsPageTest@59d016c9]" started-at="2019-10-22T15:00:42 BST" name="setUp" finished-at="2019-10-22T15:00:52 BST" duration-ms="9764" status="PASS">
          <reporter-output>
          </reporter-output>
        </test-method> <!-- setUp -->
        <test-method signature="createNewContactTest(java.lang.String, java.lang.String, java.lang.String, java.lang.String)[pri:0, instance:com.crm.qa.testsuite.ContactsPageTest@59d016c9]" started-at="2019-10-22T15:00:52 BST" name="createNewContactTest" data-provider="getTestData" finished-at="2019-10-22T15:01:00 BST" duration-ms="7882" status="PASS">
          <params>
            <param index="0">
              <value>
                <![CDATA[four]]>
              </value>
            </param>
            <param index="1">
              <value>
                <![CDATA[four]]>
              </value>
            </param>
            <param index="2">
              <value>
                <![CDATA[CTS]]>
              </value>
            </param>
            <param index="3">
              <value>
                <![CDATA[test3@testmail.com]]>
              </value>
            </param>
          </params>
          <reporter-output>
          </reporter-output>
        </test-method> <!-- createNewContactTest -->
        <test-method is-config="true" signature="tearDown()[pri:0, instance:com.crm.qa.testsuite.ContactsPageTest@59d016c9]" started-at="2019-10-22T15:01:00 BST" name="tearDown" finished-at="2019-10-22T15:01:01 BST" duration-ms="890" status="PASS">
          <reporter-output>
          </reporter-output>
        </test-method> <!-- tearDown -->
        <test-method is-config="true" signature="setUp()[pri:0, instance:com.crm.qa.testsuite.ContactsPageTest@59d016c9]" started-at="2019-10-22T15:01:01 BST" name="setUp" finished-at="2019-10-22T15:01:11 BST" duration-ms="9736" status="PASS">
          <reporter-output>
          </reporter-output>
        </test-method> <!-- setUp -->
        <test-method signature="createNewContactTest(java.lang.String, java.lang.String, java.lang.String, java.lang.String)[pri:0, instance:com.crm.qa.testsuite.ContactsPageTest@59d016c9]" started-at="2019-10-22T15:01:11 BST" name="createNewContactTest" data-provider="getTestData" finished-at="2019-10-22T15:01:19 BST" duration-ms="7754" status="PASS">
          <params>
            <param index="0">
              <value>
                <![CDATA[five]]>
              </value>
            </param>
            <param index="1">
              <value>
                <![CDATA[five]]>
              </value>
            </param>
            <param index="2">
              <value>
                <![CDATA[Patni]]>
              </value>
            </param>
            <param index="3">
              <value>
                <![CDATA[test4@testmail.com]]>
              </value>
            </param>
          </params>
          <reporter-output>
          </reporter-output>
        </test-method> <!-- createNewContactTest -->
        <test-method is-config="true" signature="tearDown()[pri:0, instance:com.crm.qa.testsuite.ContactsPageTest@59d016c9]" started-at="2019-10-22T15:01:19 BST" name="tearDown" finished-at="2019-10-22T15:01:19 BST" duration-ms="863" status="PASS">
          <reporter-output>
          </reporter-output>
        </test-method> <!-- tearDown -->
        <test-method is-config="true" signature="setUp()[pri:0, instance:com.crm.qa.testsuite.ContactsPageTest@59d016c9]" started-at="2019-10-22T15:01:19 BST" name="setUp" finished-at="2019-10-22T15:01:29 BST" duration-ms="10077" status="PASS">
          <reporter-output>
          </reporter-output>
        </test-method> <!-- setUp -->
        <test-method signature="createNewContactTest(java.lang.String, java.lang.String, java.lang.String, java.lang.String)[pri:0, instance:com.crm.qa.testsuite.ContactsPageTest@59d016c9]" started-at="2019-10-22T15:01:29 BST" name="createNewContactTest" data-provider="getTestData" finished-at="2019-10-22T15:01:37 BST" duration-ms="7490" status="PASS">
          <params>
            <param index="0">
              <value>
                <![CDATA[six]]>
              </value>
            </param>
            <param index="1">
              <value>
                <![CDATA[six]]>
              </value>
            </param>
            <param index="2">
              <value>
                <![CDATA[Capgemini]]>
              </value>
            </param>
            <param index="3">
              <value>
                <![CDATA[test5@testmail.com]]>
              </value>
            </param>
          </params>
          <reporter-output>
          </reporter-output>
        </test-method> <!-- createNewContactTest -->
        <test-method is-config="true" signature="tearDown()[pri:0, instance:com.crm.qa.testsuite.ContactsPageTest@59d016c9]" started-at="2019-10-22T15:01:37 BST" name="tearDown" finished-at="2019-10-22T15:01:38 BST" duration-ms="879" status="PASS">
          <reporter-output>
          </reporter-output>
        </test-method> <!-- tearDown -->
        <test-method is-config="true" signature="setUp()[pri:0, instance:com.crm.qa.testsuite.ContactsPageTest@59d016c9]" started-at="2019-10-22T15:01:38 BST" name="setUp" finished-at="2019-10-22T15:01:47 BST" duration-ms="9629" status="PASS">
          <reporter-output>
          </reporter-output>
        </test-method> <!-- setUp -->
        <test-method signature="createNewContactTest(java.lang.String, java.lang.String, java.lang.String, java.lang.String)[pri:0, instance:com.crm.qa.testsuite.ContactsPageTest@59d016c9]" started-at="2019-10-22T15:01:47 BST" name="createNewContactTest" data-provider="getTestData" finished-at="2019-10-22T15:01:56 BST" duration-ms="8241" status="PASS">
          <params>
            <param index="0">
              <value>
                <![CDATA[seven]]>
              </value>
            </param>
            <param index="1">
              <value>
                <![CDATA[seven]]>
              </value>
            </param>
            <param index="2">
              <value>
                <![CDATA[ADP]]>
              </value>
            </param>
            <param index="3">
              <value>
                <![CDATA[test6@testmail.com]]>
              </value>
            </param>
          </params>
          <reporter-output>
          </reporter-output>
        </test-method> <!-- createNewContactTest -->
        <test-method is-config="true" signature="tearDown()[pri:0, instance:com.crm.qa.testsuite.ContactsPageTest@59d016c9]" started-at="2019-10-22T15:01:56 BST" name="tearDown" finished-at="2019-10-22T15:01:57 BST" duration-ms="864" status="PASS">
          <reporter-output>
          </reporter-output>
        </test-method> <!-- tearDown -->
        <test-method is-config="true" signature="setUp()[pri:0, instance:com.crm.qa.testsuite.ContactsPageTest@59d016c9]" started-at="2019-10-22T15:01:57 BST" name="setUp" finished-at="2019-10-22T15:02:06 BST" duration-ms="9684" status="PASS">
          <reporter-output>
          </reporter-output>
        </test-method> <!-- setUp -->
        <test-method signature="createNewContactTest(java.lang.String, java.lang.String, java.lang.String, java.lang.String)[pri:0, instance:com.crm.qa.testsuite.ContactsPageTest@59d016c9]" started-at="2019-10-22T15:02:06 BST" name="createNewContactTest" data-provider="getTestData" finished-at="2019-10-22T15:02:14 BST" duration-ms="8023" status="PASS">
          <params>
            <param index="0">
              <value>
                <![CDATA[eight]]>
              </value>
            </param>
            <param index="1">
              <value>
                <![CDATA[eight]]>
              </value>
            </param>
            <param index="2">
              <value>
                <![CDATA[Atos]]>
              </value>
            </param>
            <param index="3">
              <value>
                <![CDATA[test7@testmail.com]]>
              </value>
            </param>
          </params>
          <reporter-output>
          </reporter-output>
        </test-method> <!-- createNewContactTest -->
        <test-method is-config="true" signature="tearDown()[pri:0, instance:com.crm.qa.testsuite.ContactsPageTest@59d016c9]" started-at="2019-10-22T15:02:14 BST" name="tearDown" finished-at="2019-10-22T15:02:15 BST" duration-ms="846" status="PASS">
          <reporter-output>
          </reporter-output>
        </test-method> <!-- tearDown -->
        <test-method is-config="true" signature="deleteAllCookies()[pri:0, instance:com.crm.qa.testsuite.ContactsPageTest@59d016c9]" started-at="2019-10-22T15:04:09 BST" name="deleteAllCookies" finished-at="2019-10-22T15:04:09 BST" duration-ms="0" status="PASS">
          <reporter-output>
          </reporter-output>
        </test-method> <!-- deleteAllCookies -->
      </class> <!-- com.crm.qa.testsuite.ContactsPageTest -->
      <class name="com.crm.qa.testsuite.LoginPageTest">
        <test-method is-config="true" signature="preConditions()[pri:0, instance:com.crm.qa.testsuite.LoginPageTest@20d28811]" started-at="2019-10-22T15:00:03 BST" name="preConditions" finished-at="2019-10-22T15:00:03 BST" duration-ms="0" status="PASS">
          <reporter-output>
          </reporter-output>
        </test-method> <!-- preConditions -->
        <test-method is-config="true" signature="setUp()[pri:0, instance:com.crm.qa.testsuite.LoginPageTest@20d28811]" started-at="2019-10-22T15:03:04 BST" name="setUp" finished-at="2019-10-22T15:03:11 BST" duration-ms="7065" status="PASS">
          <reporter-output>
          </reporter-output>
        </test-method> <!-- setUp -->
        <test-method signature="forgottenPasswordLinkTest()[pri:0, instance:com.crm.qa.testsuite.LoginPageTest@20d28811]" started-at="2019-10-22T15:03:11 BST" name="forgottenPasswordLinkTest" finished-at="2019-10-22T15:03:52 BST" duration-ms="40452" status="FAIL">
          <exception class="org.openqa.selenium.NoSuchElementException">
            <message>
              <![CDATA[no such element: Unable to locate element: {"method":"link text","selector":"fail"}
  (Session info: chrome=77.0.3865.120)
For documentation on this error, please visit: https://www.seleniumhq.org/exceptions/no_such_element.html
Build info: version: '3.141.59', revision: 'e82be7d358', time: '2018-11-14T08:17:03'
System info: host: 'SHANTHA-HP-LAPT', ip: '192.168.1.77', os.name: 'Windows 10', os.arch: 'amd64', os.version: '10.0', java.version: '12.0.2'
Driver info: org.openqa.selenium.chrome.ChromeDriver
Capabilities {acceptInsecureCerts: false, browserName: chrome, browserVersion: 77.0.3865.120, chrome: {chromedriverVersion: 77.0.3865.40 (f484704e052e0..., userDataDir: C:\Users\Murali\AppData\Loc...}, goog:chromeOptions: {debuggerAddress: localhost:49343}, javascriptEnabled: true, networkConnectionEnabled: false, pageLoadStrategy: normal, platform: XP, platformName: XP, proxy: Proxy(), setWindowRect: true, strictFileInteractability: false, timeouts: {implicit: 0, pageLoad: 300000, script: 30000}, unhandledPromptBehavior: dismiss and notify}
Session ID: cf4a8a4b67e0d8149faf2b6bceeaf5f8
*** Element info: {Using=link text, value=fail}]]>
            </message>
            <full-stacktrace>
              <![CDATA[org.openqa.selenium.NoSuchElementException: no such element: Unable to locate element: {"method":"link text","selector":"fail"}
  (Session info: chrome=77.0.3865.120)
For documentation on this error, please visit: https://www.seleniumhq.org/exceptions/no_such_element.html
Build info: version: '3.141.59', revision: 'e82be7d358', time: '2018-11-14T08:17:03'
System info: host: 'SHANTHA-HP-LAPT', ip: '192.168.1.77', os.name: 'Windows 10', os.arch: 'amd64', os.version: '10.0', java.version: '12.0.2'
Driver info: org.openqa.selenium.chrome.ChromeDriver
Capabilities {acceptInsecureCerts: false, browserName: chrome, browserVersion: 77.0.3865.120, chrome: {chromedriverVersion: 77.0.3865.40 (f484704e052e0..., userDataDir: C:\Users\Murali\AppData\Loc...}, goog:chromeOptions: {debuggerAddress: localhost:49343}, javascriptEnabled: true, networkConnectionEnabled: false, pageLoadStrategy: normal, platform: XP, platformName: XP, proxy: Proxy(), setWindowRect: true, strictFileInteractability: false, timeouts: {implicit: 0, pageLoad: 300000, script: 30000}, unhandledPromptBehavior: dismiss and notify}
Session ID: cf4a8a4b67e0d8149faf2b6bceeaf5f8
*** Element info: {Using=link text, value=fail}
at java.base/jdk.internal.reflect.NativeConstructorAccessorImpl.newInstance0(Native Method)
at java.base/jdk.internal.reflect.NativeConstructorAccessorImpl.newInstance(NativeConstructorAccessorImpl.java:62)
at java.base/jdk.internal.reflect.DelegatingConstructorAccessorImpl.newInstance(DelegatingConstructorAccessorImpl.java:45)
at java.base/java.lang.reflect.Constructor.newInstanceWithCaller(Constructor.java:500)
at java.base/java.lang.reflect.Constructor.newInstance(Constructor.java:481)
at org.openqa.selenium.remote.http.W3CHttpResponseCodec.createException(W3CHttpResponseCodec.java:187)
at org.openqa.selenium.remote.http.W3CHttpResponseCodec.decode(W3CHttpResponseCodec.java:122)
at org.openqa.selenium.remote.http.W3CHttpResponseCodec.decode(W3CHttpResponseCodec.java:49)
at org.openqa.selenium.remote.HttpCommandExecutor.execute(HttpCommandExecutor.java:158)
at org.openqa.selenium.remote.service.DriverCommandExecutor.execute(DriverCommandExecutor.java:83)
at org.openqa.selenium.remote.RemoteWebDriver.execute(RemoteWebDriver.java:552)
at org.openqa.selenium.remote.RemoteWebDriver.findElement(RemoteWebDriver.java:323)
at org.openqa.selenium.remote.RemoteWebDriver.findElementByLinkText(RemoteWebDriver.java:380)
at org.openqa.selenium.By$ByLinkText.findElement(By.java:220)
at org.openqa.selenium.remote.RemoteWebDriver.findElement(RemoteWebDriver.java:315)
at jdk.internal.reflect.GeneratedMethodAccessor2.invoke(Unknown Source)
at java.base/jdk.internal.reflect.DelegatingMethodAccessorImpl.invoke(DelegatingMethodAccessorImpl.java:43)
at java.base/java.lang.reflect.Method.invoke(Method.java:567)
at org.openqa.selenium.support.events.EventFiringWebDriver.lambda$new$1(EventFiringWebDriver.java:105)
at com.sun.proxy.$Proxy13.findElement(Unknown Source)
at org.openqa.selenium.support.events.EventFiringWebDriver.findElement(EventFiringWebDriver.java:194)
at org.openqa.selenium.support.pagefactory.DefaultElementLocator.findElement(DefaultElementLocator.java:69)
at org.openqa.selenium.support.pagefactory.internal.LocatingElementHandler.invoke(LocatingElementHandler.java:38)
at com.sun.proxy.$Proxy17.isDisplayed(Unknown Source)
at com.crm.qa.pages.LoginPage.validateForgotYourPasswordLink(LoginPage.java:38)
at com.crm.qa.testsuite.LoginPageTest.forgottenPasswordLinkTest(LoginPageTest.java:47)
at java.base/jdk.internal.reflect.NativeMethodAccessorImpl.invoke0(Native Method)
at java.base/jdk.internal.reflect.NativeMethodAccessorImpl.invoke(NativeMethodAccessorImpl.java:62)
at java.base/jdk.internal.reflect.DelegatingMethodAccessorImpl.invoke(DelegatingMethodAccessorImpl.java:43)
at java.base/java.lang.reflect.Method.invoke(Method.java:567)
at org.testng.internal.MethodInvocationHelper.invokeMethod(MethodInvocationHelper.java:133)
at org.testng.internal.TestInvoker.invokeMethod(TestInvoker.java:584)
at org.testng.internal.TestInvoker.invokeTestMethod(TestInvoker.java:172)
at org.testng.internal.MethodRunner.runInSequence(MethodRunner.java:46)
at org.testng.internal.TestInvoker$MethodInvocationAgent.invoke(TestInvoker.java:804)
at org.testng.internal.TestInvoker.invokeTestMethods(TestInvoker.java:145)
at org.testng.internal.TestMethodWorker.invokeTestMethods(TestMethodWorker.java:146)
at org.testng.internal.TestMethodWorker.run(TestMethodWorker.java:128)
at java.base/java.util.ArrayList.forEach(ArrayList.java:1540)
at org.testng.TestRunner.privateRun(TestRunner.java:770)
at org.testng.TestRunner.run(TestRunner.java:591)
at org.testng.SuiteRunner.runTest(SuiteRunner.java:402)
at org.testng.SuiteRunner.runSequentially(SuiteRunner.java:396)
at org.testng.SuiteRunner.privateRun(SuiteRunner.java:355)
at org.testng.SuiteRunner.run(SuiteRunner.java:304)
at org.testng.SuiteRunnerWorker.runSuite(SuiteRunnerWorker.java:53)
at org.testng.SuiteRunnerWorker.run(SuiteRunnerWorker.java:96)
at org.testng.TestNG.runSuitesSequentially(TestNG.java:1180)
at org.testng.TestNG.runSuitesLocally(TestNG.java:1102)
at org.testng.TestNG.runSuites(TestNG.java:1032)
at org.testng.TestNG.run(TestNG.java:1000)
at org.testng.remote.AbstractRemoteTestNG.run(AbstractRemoteTestNG.java:115)
at org.testng.remote.RemoteTestNG.initAndRun(RemoteTestNG.java:251)
at org.testng.remote.RemoteTestNG.main(RemoteTestNG.java:77)
]]>
            </full-stacktrace>
          </exception> <!-- org.openqa.selenium.NoSuchElementException -->
          <reporter-output>
          </reporter-output>
        </test-method> <!-- forgottenPasswordLinkTest -->
        <test-method is-config="true" signature="tearDown()[pri:0, instance:com.crm.qa.testsuite.LoginPageTest@20d28811]" started-at="2019-10-22T15:03:52 BST" name="tearDown" finished-at="2019-10-22T15:03:53 BST" duration-ms="807" status="PASS">
          <reporter-output>
          </reporter-output>
        </test-method> <!-- tearDown -->
        <test-method is-config="true" signature="setUp()[pri:0, instance:com.crm.qa.testsuite.LoginPageTest@20d28811]" started-at="2019-10-22T15:03:53 BST" name="setUp" finished-at="2019-10-22T15:04:00 BST" duration-ms="7051" status="PASS">
          <reporter-output>
          </reporter-output>
        </test-method> <!-- setUp -->
        <test-method signature="loginPageTitleTest()[pri:0, instance:com.crm.qa.testsuite.LoginPageTest@20d28811]" started-at="2019-10-22T15:04:00 BST" name="loginPageTitleTest" finished-at="2019-10-22T15:04:00 BST" duration-ms="12" status="PASS">
          <reporter-output>
          </reporter-output>
        </test-method> <!-- loginPageTitleTest -->
        <test-method is-config="true" signature="tearDown()[pri:0, instance:com.crm.qa.testsuite.LoginPageTest@20d28811]" started-at="2019-10-22T15:04:00 BST" name="tearDown" finished-at="2019-10-22T15:04:00 BST" duration-ms="805" status="PASS">
          <reporter-output>
          </reporter-output>
        </test-method> <!-- tearDown -->
        <test-method is-config="true" signature="setUp()[pri:0, instance:com.crm.qa.testsuite.LoginPageTest@20d28811]" started-at="2019-10-22T15:04:00 BST" name="setUp" finished-at="2019-10-22T15:04:08 BST" duration-ms="7261" status="PASS">
          <reporter-output>
          </reporter-output>
        </test-method> <!-- setUp -->
        <test-method signature="submitLoginTest()[pri:0, instance:com.crm.qa.testsuite.LoginPageTest@20d28811]" started-at="2019-10-22T15:04:08 BST" name="submitLoginTest" finished-at="2019-10-22T15:04:08 BST" duration-ms="422" status="PASS">
          <reporter-output>
          </reporter-output>
        </test-method> <!-- submitLoginTest -->
        <test-method is-config="true" signature="tearDown()[pri:0, instance:com.crm.qa.testsuite.LoginPageTest@20d28811]" started-at="2019-10-22T15:04:08 BST" name="tearDown" finished-at="2019-10-22T15:04:09 BST" duration-ms="749" status="PASS">
          <reporter-output>
          </reporter-output>
        </test-method> <!-- tearDown -->
        <test-method is-config="true" signature="deleteAllCookies()[pri:0, instance:com.crm.qa.testsuite.LoginPageTest@20d28811]" started-at="2019-10-22T15:04:09 BST" name="deleteAllCookies" finished-at="2019-10-22T15:04:09 BST" duration-ms="1" status="PASS">
          <reporter-output>
          </reporter-output>
        </test-method> <!-- deleteAllCookies -->
      </class> <!-- com.crm.qa.testsuite.LoginPageTest -->
      <class name="com.crm.qa.testsuite.HomePageTest">
        <test-method is-config="true" signature="preConditions()[pri:0, instance:com.crm.qa.testsuite.HomePageTest@3cc2931c]" started-at="2019-10-22T15:00:03 BST" name="preConditions" finished-at="2019-10-22T15:00:03 BST" duration-ms="1" status="PASS">
          <reporter-output>
          </reporter-output>
        </test-method> <!-- preConditions -->
        <test-method is-config="true" signature="setUp()[pri:0, instance:com.crm.qa.testsuite.HomePageTest@3cc2931c]" started-at="2019-10-22T15:02:15 BST" name="setUp" finished-at="2019-10-22T15:02:23 BST" duration-ms="7581" status="PASS">
          <reporter-output>
          </reporter-output>
        </test-method> <!-- setUp -->
        <test-method signature="verifyClickOnContactsLinkTest()[pri:0, instance:com.crm.qa.testsuite.HomePageTest@3cc2931c]" started-at="2019-10-22T15:02:23 BST" name="verifyClickOnContactsLinkTest" finished-at="2019-10-22T15:02:24 BST" duration-ms="1504" status="PASS">
          <reporter-output>
          </reporter-output>
        </test-method> <!-- verifyClickOnContactsLinkTest -->
        <test-method is-config="true" signature="tearDown()[pri:0, instance:com.crm.qa.testsuite.HomePageTest@3cc2931c]" started-at="2019-10-22T15:02:24 BST" name="tearDown" finished-at="2019-10-22T15:02:25 BST" duration-ms="820" status="PASS">
          <reporter-output>
          </reporter-output>
        </test-method> <!-- tearDown -->
        <test-method is-config="true" signature="setUp()[pri:0, instance:com.crm.qa.testsuite.HomePageTest@3cc2931c]" started-at="2019-10-22T15:02:25 BST" name="setUp" finished-at="2019-10-22T15:02:33 BST" duration-ms="7816" status="PASS">
          <reporter-output>
          </reporter-output>
        </test-method> <!-- setUp -->
        <test-method signature="verifyClickOnDealsLinkTest()[pri:0, instance:com.crm.qa.testsuite.HomePageTest@3cc2931c]" started-at="2019-10-22T15:02:33 BST" name="verifyClickOnDealsLinkTest" finished-at="2019-10-22T15:02:35 BST" duration-ms="2046" status="PASS">
          <reporter-output>
          </reporter-output>
        </test-method> <!-- verifyClickOnDealsLinkTest -->
        <test-method is-config="true" signature="tearDown()[pri:0, instance:com.crm.qa.testsuite.HomePageTest@3cc2931c]" started-at="2019-10-22T15:02:35 BST" name="tearDown" finished-at="2019-10-22T15:02:36 BST" duration-ms="861" status="PASS">
          <reporter-output>
          </reporter-output>
        </test-method> <!-- tearDown -->
        <test-method is-config="true" signature="setUp()[pri:0, instance:com.crm.qa.testsuite.HomePageTest@3cc2931c]" started-at="2019-10-22T15:02:36 BST" name="setUp" finished-at="2019-10-22T15:02:44 BST" duration-ms="7854" status="PASS">
          <reporter-output>
          </reporter-output>
        </test-method> <!-- setUp -->
        <test-method signature="verifyClickOnTasksLinkTest()[pri:0, instance:com.crm.qa.testsuite.HomePageTest@3cc2931c]" started-at="2019-10-22T15:02:44 BST" name="verifyClickOnTasksLinkTest" finished-at="2019-10-22T15:02:45 BST" duration-ms="1675" status="PASS">
          <reporter-output>
          </reporter-output>
        </test-method> <!-- verifyClickOnTasksLinkTest -->
        <test-method is-config="true" signature="tearDown()[pri:0, instance:com.crm.qa.testsuite.HomePageTest@3cc2931c]" started-at="2019-10-22T15:02:45 BST" name="tearDown" finished-at="2019-10-22T15:02:46 BST" duration-ms="846" status="PASS">
          <reporter-output>
          </reporter-output>
        </test-method> <!-- tearDown -->
        <test-method is-config="true" signature="setUp()[pri:0, instance:com.crm.qa.testsuite.HomePageTest@3cc2931c]" started-at="2019-10-22T15:02:46 BST" name="setUp" finished-at="2019-10-22T15:02:54 BST" duration-ms="7658" status="PASS">
          <reporter-output>
          </reporter-output>
        </test-method> <!-- setUp -->
        <test-method signature="verifyHomePageTitleTest()[pri:0, instance:com.crm.qa.testsuite.HomePageTest@3cc2931c]" started-at="2019-10-22T15:02:54 BST" name="verifyHomePageTitleTest" finished-at="2019-10-22T15:02:54 BST" duration-ms="9" status="PASS">
          <reporter-output>
          </reporter-output>
        </test-method> <!-- verifyHomePageTitleTest -->
        <test-method is-config="true" signature="tearDown()[pri:0, instance:com.crm.qa.testsuite.HomePageTest@3cc2931c]" started-at="2019-10-22T15:02:54 BST" name="tearDown" finished-at="2019-10-22T15:02:55 BST" duration-ms="809" status="PASS">
          <reporter-output>
          </reporter-output>
        </test-method> <!-- tearDown -->
        <test-method is-config="true" signature="setUp()[pri:0, instance:com.crm.qa.testsuite.HomePageTest@3cc2931c]" started-at="2019-10-22T15:02:55 BST" name="setUp" finished-at="2019-10-22T15:03:02 BST" duration-ms="7763" status="PASS">
          <reporter-output>
          </reporter-output>
        </test-method> <!-- setUp -->
        <test-method signature="verifyUserDisplayNameTest()[pri:0, instance:com.crm.qa.testsuite.HomePageTest@3cc2931c]" started-at="2019-10-22T15:03:02 BST" name="verifyUserDisplayNameTest" finished-at="2019-10-22T15:03:03 BST" duration-ms="985" status="PASS">
          <reporter-output>
          </reporter-output>
        </test-method> <!-- verifyUserDisplayNameTest -->
        <test-method is-config="true" signature="tearDown()[pri:0, instance:com.crm.qa.testsuite.HomePageTest@3cc2931c]" started-at="2019-10-22T15:03:03 BST" name="tearDown" finished-at="2019-10-22T15:03:04 BST" duration-ms="830" status="PASS">
          <reporter-output>
          </reporter-output>
        </test-method> <!-- tearDown -->
        <test-method is-config="true" signature="deleteAllCookies()[pri:0, instance:com.crm.qa.testsuite.HomePageTest@3cc2931c]" started-at="2019-10-22T15:04:09 BST" name="deleteAllCookies" finished-at="2019-10-22T15:04:09 BST" duration-ms="0" status="PASS">
          <reporter-output>
          </reporter-output>
        </test-method> <!-- deleteAllCookies -->
      </class> <!-- com.crm.qa.testsuite.HomePageTest -->
    </test> <!-- Learning POM structure -->
  </suite> <!-- TestNG - Free CRM Application Test -->
</testng-results>
