<?xml version="1.0" encoding="UTF-8"?>
<!-- Generated by org.testng.reporters.JUnitXMLReporter -->
<testsuite ignored="0" hostname="Shantha-HP-Laptop" failures="1" tests="15" name="Learning POM structure" time="233.34" errors="0" timestamp="2019-10-23T11:24:00 BST">
  <testcase classname="com.crm.qa.testsuite.ContactsPageTest" name="createNewContactTest" time="8.027"/>
  <testcase classname="com.crm.qa.testsuite.ContactsPageTest" name="createNewContactTest" time="6.935"/>
  <testcase classname="com.crm.qa.testsuite.ContactsPageTest" name="createNewContactTest" time="7.217"/>
  <testcase classname="com.crm.qa.testsuite.ContactsPageTest" name="createNewContactTest" time="6.869"/>
  <testcase classname="com.crm.qa.testsuite.ContactsPageTest" name="createNewContactTest" time="7.952"/>
  <testcase classname="com.crm.qa.testsuite.ContactsPageTest" name="createNewContactTest" time="8.578"/>
  <testcase classname="com.crm.qa.testsuite.ContactsPageTest" name="createNewContactTest" time="7.876"/>
  <testcase classname="com.crm.qa.testsuite.HomePageTest" name="verifyClickOnContactsLinkTest" time="1.664"/>
  <testcase classname="com.crm.qa.testsuite.HomePageTest" name="verifyClickOnDealsLinkTest" time="1.793"/>
  <testcase classname="com.crm.qa.testsuite.HomePageTest" name="verifyClickOnTasksLinkTest" time="1.702"/>
  <testcase classname="com.crm.qa.testsuite.HomePageTest" name="verifyHomePageTitleTest" time="0.008"/>
  <testcase classname="com.crm.qa.testsuite.HomePageTest" name="verifyUserDisplayNameTest" time="1.038"/>
  <testcase classname="com.crm.qa.testsuite.LoginPageTest" name="submitLoginTest" time="0.47"/>
  <testcase classname="com.crm.qa.testsuite.LoginPageTest" name="forgottenPasswordLinkTest" time="40.063">
    <failure type="java.lang.IllegalArgumentException" message="Illegal pattern character &amp;apos;n&amp;apos;">
      <![CDATA[java.lang.IllegalArgumentException: Illegal pattern character 'n'
at java.base/java.text.SimpleDateFormat.compile(SimpleDateFormat.java:845)
at java.base/java.text.SimpleDateFormat.initialize(SimpleDateFormat.java:653)
at java.base/java.text.SimpleDateFormat.<init>(SimpleDateFormat.java:624)
at java.base/java.text.SimpleDateFormat.<init>(SimpleDateFormat.java:599)
at com.crm.qa.utilities.TestUtility.takeScreenshotAtEndOfTest(TestUtility.java:65)
at com.crm.qa.utilities.WebEventListener.onException(WebEventListener.java:66)
at org.openqa.selenium.support.events.EventFiringWebDriver.lambda$new$0(EventFiringWebDriver.java:84)
at com.sun.proxy.$Proxy12.onException(Unknown Source)
at org.openqa.selenium.support.events.EventFiringWebDriver.lambda$new$1(EventFiringWebDriver.java:107)
at com.sun.proxy.$Proxy13.findElement(Unknown Source)
at org.openqa.selenium.support.events.EventFiringWebDriver.findElement(EventFiringWebDriver.java:194)
at org.openqa.selenium.support.pagefactory.DefaultElementLocator.findElement(DefaultElementLocator.java:69)
at org.openqa.selenium.support.pagefactory.internal.LocatingElementHandler.invoke(LocatingElementHandler.java:38)
at com.sun.proxy.$Proxy17.isDisplayed(Unknown Source)
at com.crm.qa.pages.LoginPage.validateForgotYourPasswordLink(LoginPage.java:38)
at com.crm.qa.testsuite.LoginPageTest.forgottenPasswordLinkTest(LoginPageTest.java:47)
at java.base/java.util.ArrayList.forEach(ArrayList.java:1540)
... Removed 31 stack frames]]>
    </failure>
  </testcase> <!-- forgottenPasswordLinkTest -->
  <testcase classname="com.crm.qa.testsuite.LoginPageTest" name="loginPageTitleTest" time="0.0">
    <skipped/>
  </testcase> <!-- loginPageTitleTest -->
</testsuite> <!-- Learning POM structure -->
